#! /usr/share/iverilog-0.9.7/bin/vvp
:ivl_version "0.9.7 " "(v0_9_6)";
:vpi_time_precision - 10;
:vpi_module "system";
:vpi_module "v2005_math";
:vpi_module "va_math";
S_0x14bd260 .scope module, "d_flip_flop_tb" "d_flip_flop_tb" 2 3;
 .timescale -9 -10;
v0x14cd790_0 .var "clk_tb", 0 0;
v0x14cd860_0 .var "d_tb", 0 0;
v0x14cd910_0 .net "q_tb", 0 0, v0x14cd640_0; 1 drivers
v0x14cd9c0_0 .net "qbar_tb", 0 0, v0x14cd6e0_0; 1 drivers
S_0x14bd350 .scope module, "dff" "d_flip_flop" 2 8, 3 1, S_0x14bd260;
 .timescale 0 0;
v0x1499840_0 .net "clk", 0 0, v0x14cd790_0; 1 drivers
v0x14cd5a0_0 .net "d", 0 0, v0x14cd860_0; 1 drivers
v0x14cd640_0 .var "q", 0 0;
v0x14cd6e0_0 .var "qbar", 0 0;
E_0x14999b0 .event posedge, v0x1499840_0;
    .scope S_0x14bd350;
T_0 ;
    %wait E_0x14999b0;
    %load/v 8, v0x14cd5a0_0, 1;
    %set/v v0x14cd640_0, 8, 1;
    %load/v 8, v0x14cd640_0, 1;
    %inv 8, 1;
    %set/v v0x14cd6e0_0, 8, 1;
    %jmp T_0;
    .thread T_0;
    .scope S_0x14bd260;
T_1 ;
    %set/v v0x14cd790_0, 0, 1;
    %end;
    .thread T_1;
    .scope S_0x14bd260;
T_2 ;
    %delay 100, 0;
    %load/v 8, v0x14cd790_0, 1;
    %inv 8, 1;
    %set/v v0x14cd790_0, 8, 1;
    %jmp T_2;
    .thread T_2;
    .scope S_0x14bd260;
T_3 ;
    %vpi_call 2 20 "$dumpfile", "dump.vcd";
    %vpi_call 2 21 "$dumpvars";
    %set/v v0x14cd860_0, 0, 1;
    %delay 1000, 0;
    %set/v v0x14cd860_0, 1, 1;
    %delay 1000, 0;
    %set/v v0x14cd860_0, 0, 1;
    %delay 1000, 0;
    %set/v v0x14cd860_0, 1, 1;
    %delay 1000, 0;
    %vpi_call 2 35 "$finish";
    %end;
    .thread T_3;
# The file index is used to find the file name in the following table.
:file_names 4;
    "N/A";
    "<interactive>";
    "testbench.sv";
    "design.sv";
